1557756069443	mozrunner::runner	INFO	Running command: "D:\\software\\firefox\\firefox.exe" "-marionette" "-headless" "--disable-gpu" "-foreground" "-no-remote" "-profile" "C:\\Users\\dell\\AppData\\Local\\Temp\\rust_mozprofile.EWqoRVIecGhh"
*** You are running in headless mode.
1557756070270	addons.webextension.screenshots@mozilla.org	WARN	Loading extension 'screenshots@mozilla.org': Reading manifest: Invalid extension permission: mozillaAddons
1557756070270	addons.webextension.screenshots@mozilla.org	WARN	Loading extension 'screenshots@mozilla.org': Reading manifest: Invalid extension permission: resource://pdf.js/
1557756070270	addons.webextension.screenshots@mozilla.org	WARN	Loading extension 'screenshots@mozilla.org': Reading manifest: Invalid extension permission: about:reader*
1557756073308	Marionette	INFO	Listening on port 51335
1557756073784	Marionette	WARN	TLS certificate errors will be ignored for this session
1557756077265	Marionette	INFO	Stopped listening on port 51335
[Child 139360, Chrome_ChildThread] WARNING: pipe error: 109: file z:/build/build/src/ipc/chromium/src/chrome/common/ipc_channel_win.cc, line 332
[Parent 141212, Gecko_IOThread] WARNING: pipe error: 109: file z:/build/build/src/ipc/chromium/src/chrome/common/ipc_channel_win.cc, line 332
[Child 140680, Chrome_ChildThread] WARNING: pipe error: 109: file z:/build/build/src/ipc/chromium/src/chrome/common/ipc_channel_win.cc, line 332
[Child 140680, Chrome_ChildThread] WARNING: pipe error: 109: file z:/build/build/src/ipc/chromium/src/chrome/common/ipc_channel_win.cc, line 332
JavaScript error: resource://gre/modules/Sqlite.jsm, line 834: Error: Connection is not open.
: 109: file z:/build/build/src/ipc/chromiune 332
ot open.
odules/Sqlite.jsm, line 834: Error: Connection is not open.
: pipe error: 109: file z:/build/build/src/ipc/chromium/src/chrome/common/ipc_channel_win.cc, line 332
jsm, line 834: Error: Connection is not open.
ssageChannel] Error: (msgtype=0x5F0028,name=PNecko::Msg_RequestContextAfterDOMContentLoaded) Channel closing: too late to send/recv, messages will be lost


###!!! [Child][MessageChannel] Error: (msgtype=0x1E0001,name=PBrowser::Msg_AsyncMessage) Closed channel: cannot send/recv

JavaScript error: resource://gre/modules/WebProgressChild.jsm, line 94: NS_ERROR_UNEXPECTED: 

###!!! [Child][MessageChannel] Error: (msgtype=0x350112,name=PContent::Msg_DetachBrowsingContext) Closed channel: cannot send/recv

turned false (indicating failure)

[Parent 39088, Gecko_IOThread] WARNING: pipe error: 109: file z:/build/build/src/ipc/chromium/src/chrome/common/ipc_channel_win.cc, line 332
[Parent 39088, Gecko_IOThread] WARNING: pipe error: 109: file z:/build/build/src/ipc/chromium/src/chrome/common/ipc_channel_win.cc, line 332
[Parent 39088, Gecko_IOThread] WARNING: pipe error: 109: file z:/build/build/src/ipc/chromium/src/chrome/common/ipc_channel_win.cc, line 332
1557656190111	Marionette	INFO	Stopped listening on port 12795
[GPU 41256, Chrome_ChildThread] WARNING:
###!!! [Child][MessageChannel::SendAndWait] Error: Channel error: cannot send/recv

marionette/content/interaction.js:183:5
[Parent 64068, Gecko_IOThread] WARNING: pipe error: 109: file z:/build/build/src/ipc/chromium/src/chrome/common/ipc_channel_win.cc, line 332
[Parent 64068, Gecko_IOThread] WARNING: pipe error: 109: file z:/build/build/src/ipc/chromium/src/chrome/common/ipc_channel_win.cc, line 332
1555837881154	Marionette	INFO	Stopped listening on port 32259
[GPU 47660, 
###!!! [Child][MessageChannel::SendAndWait] Error: Channel error: cannot send/recv

r: 109: file z:/build/build/src/ipc/chromium/src/chrome/common/ipc_channel_win.cc, line 332
[Child 46436, Chrome_ChildThread] WAR[Child 64028, Chrome_ChildThread] WARNING: pipe error: 109: file z:/build/build/src/ipc/chromium/src/chrome/common/ipc_channel_win.cc, line 332
[Child [Parent 63600, Gecko_IOThread] WARNING: pipe error: 109: file z:/build/build/src/ipc/chromium/src/chrome/common/ipc_channel_win.cc, line 332
[Child 62832, Chrome_ChildThread] WARNING: pipe error: 109: file z:/build/build/src/ipc/chromium/src/chrome/common/ipc_channel_win.cc, line 332
[Child 61555837650250	Marionette	INFO	Stopped listening on port 31947

###!!! [Child][RunMessage] Error: Channel closing: too late to send/recv, messages will be lost

[GPU
###!!! [Child][MessageChannel::SendAndWait] Error: Channel error: cannot send/recv

de after return statement
JavaScript warning: http://localhost/4webchess/javascript/chessutils.js, line 159: unreachable code after return statement
JavaScript warning: http://localhost/4webchess/javascript/chessutils.js, line 159: unreachable code after return statement
JavaScript warning: http://localhost/4webchess/javascript/chessutils.js, line 159: unreachable code after return statement
JavaScript warning: http://localhost/4webchess/javascript/chessutils.js, line 159: unreachable code after return statement
JavaScript warning: http://localhost/4webchess/javascript/chessutils.js, line 159: unreachable code after return statement
JavaScript warning: http://localhost/4webchess/javascript/chessutils.js, line 159: unreachable code after return statement
JavaScript warning: http://localhost/4webchess/javascript/chessutils.js, line 159: unreachable code after return statement
JavaScript warning: http://localhost/4webchess/javascript/chessutils.js, line 159: unreachable code after return statement
JavaScript warning: http://localhost/4webchess/javascript/chessutils.js, line 159: unreachable code after return statement
JavaScript warning: http://localhost/4webchess/javascript/chessutils.js, line 159: unreachable code after return statement
JavaScript warning: http://localhost/4webchess/javascript/chessutils.js, line 159: unreachable code after return statement
JavaScript warning: http://localhost/4webchess/javascript/chessutils.js, line 159: unreachable code after return statement
JavaScript warning: http://localhost/4webchess/javascript/chessutils.js, line 159: unreachable code after return statement
JavaScript warning: http://localhost/4webchess/javascript/chessutils.js, line 159: unreachable code after return statement
JavaScript warning: http://localhost/4webchess/javascript/chessutils.js, line 159: unreachable code after return statement
JavaScript warning: http://localhost/4webchess/javascript/chessutils.js, line 159: unreachable code after return statement
JavaScript warning: http://localhost/4webchess/javascript/chessutils.js, line 159: unreachable code after return statement
JavaScript warning: http://localhost/4webchess/javascript/chessutils.js, line 159: unreachable code after return statement
JavaScript warning: http://localhost/4webchess/javascript/chessutils.js, line 159: unreachable code after return statement
JavaScript warning: http://localhost/4webchess/javascript/chessutils.js, line 159: unreachable code after return statement
JavaScript warning: http://localhost/4webchess/javascript/chessutils.js, line 159: unreachable code after return statement
JavaScript warning: http://localhost/4webchess/javascript/chessutils.js, line 159: unreachable code after return statement
JavaScript warning: http://localhost/4webchess/javascript/chessutils.js, line 159: unreachable code after return statement
JavaScript warning: http://localhost/4webchess/javascript/chessutils.js, line 159: unreachable code after return statement
JavaScript warning: http://localhost/4webchess/javascript/chessutils.js, line 159: unreachable code after return statement
JavaScript warning: http://localhost/4webchess/javascript/chessutils.js, line 159: unreachable code after return statement
JavaScript warning: http://localhost/4webchess/javascript/chessutils.js, line 159: unreachable code after return statement
JavaScript warning: http://localhost/4webchess/javascript/chessutils.js, line 159: unreachable code after return statement
JavaScript warning: http://localhost/4webchess/javascript/chessutils.js, line 159: unreachable code after return statement
JavaScript warning: http://localhost/4webchess/javascript/chessutils.js, line 159: unreachable code after return statement
JavaScript warning: http://localhost/4webchess/javascript/chessutils.js, line 159: unreachable code after return statement
JavaScript warning: http://localhost/4webchess/javascript/chessutils.js, line 159: unreachable code after return statement
JavaScript warning: http://localhost/4webchess/javascript/chessutils.js, line 159: unreachable code after return statement
JavaScript warning: http://localhost/4webchess/javascript/chessutils.js, line 159: unreachable code after return statement
JavaScript warning: http://localhost/4webchess/javascript/chessutils.js, line 159: unreachable code after return statement
JavaScript warning: http://localhost/4webchess/javascript/chessutils.js, line 159: unreachable code after return statement
JavaScript warning: http://localhost/4webchess/javascript/chessutils.js, line 159: unreachable code after return statement
JavaScript warning: http://localhost/4webchess/javascript/chessutils.js, line 159: unreachable code after return statement
JavaScript warning: http://localhost/4webchess/javascript/chessutils.js, line 159: unreachable code after return statement
JavaScript warning: http://localhost/4webchess/javascript/chessutils.js, line 159: unreachable code after return statement
JavaScript warning: http://localhost/4webchess/javascript/chessutils.js, line 159: unreachable code after return statement
JavaScript warning: http://localhost/4webchess/javascript/chessutils.js, line 159: unreachable code after return statement
JavaScript warning: http://localhost/4webchess/javascript/chessutils.js, line 159: unreachable code after return statement
JavaScript warning: http://localhost/4webchess/javascript/chessutils.js, line 159: unreachable code after return statement
JavaScript warning: http://localhost/4webchess/javascript/chessutils.js, line 159: unreachable code after return statement
JavaScript warning: http://localhost/4webchess/javascript/chessutils.js, line 159: unreachable code after return statement
JavaScript warning: http://localhost/4webchess/javascript/chessutils.js, line 159: unreachable code after return statement
JavaScript warning: http://localhost/4webchess/javascript/chessutils.js, line 159: unreachable code after return statement
JavaScript warning: http://localhost/4webchess/javascript/chessutils.js, line 159: unreachable code after return statement
JavaScript warning: http://localhost/4webchess/javascript/chessutils.js, line 159: unreachable code after return statement
JavaScript warning: http://localhost/4webchess/javascript/chessutils.js, line 159: unreachable code after return statement
JavaScript warning: http://localhost/4webchess/javascript/chessutils.js, line 159: unreachable code after return statement
JavaScript warning: http://localhost/4webchess/javascript/chessutils.js, line 159: unreachable code after return statement
JavaScript warning: http://localhost/4webchess/javascript/chessutils.js, line 159: unreachable code after return statement
JavaScript warning: http://localhost/4webchess/javascript/chessutils.js, line 159: unreachable code after return statement
JavaScript warning: http://localhost/4webchess/javascript/chessutils.js, line 159: unreachable code after return statement
JavaScript warning: http://localhost/4webchess/javascript/chessutils.js, line 159: unreachable code after return statement
JavaScript warning: http://localhost/4webchess/javascript/chessutils.js, line 159: unreachable code after return statement
JavaScript warning: http://localhost/4webchess/javascript/chessutils.js, line 159: unreachable code after return statement
JavaScript warning: http://localhost/4webchess/javascript/chessutils.js, line 159: unreachable code after return statement
JavaScript warning: http://localhost/4webchess/javascript/chessutils.js, line 159: unreachable code after return statement
JavaScript warning: http://localhost/4webchess/javascript/chessutils.js, line 159: unreachable code after return statement
JavaScript warning: http://localhost/4webchess/javascript/chessutils.js, line 159: unreachable code after return statement
JavaScript warning: http://localhost/4webchess/javascript/chessutils.js, line 159: unreachable code after return statement
JavaScript warning: http://localhost/4webchess/javascript/chessutils.js, line 159: unreachable code after return statement
JavaScript warning: http://localhost/4webchess/javascript/chessutils.js, line 159: unreachable code after return statement
JavaScript warning: http://localhost/4webchess/javascript/chessutils.js, line 159: unreachable code after return statement
JavaScript warning: http://localhost/4webchess/javascript/chessutils.js, line 159: unreachable code after return statement
JavaScript warning: http://localhost/4webchess/javascript/chessutils.js, line 159: unreachable code after return statement
JavaScript warning: http://localhost/4webchess/javascript/chessutils.js, line 159: unreachable code after return statement
JavaScript warning: http://localhost/4webchess/javascript/chessutils.js, line 159: unreachable code after return statement
JavaScript warning: http://localhost/4webchess/javascript/chessutils.js, line 159: unreachable code after return statement
JavaScript warning: http://localhost/4webchess/javascript/chessutils.js, line 159: unreachable code after return statement
JavaScript warning: http://localhost/4webchess/javascript/chessutils.js, line 159: unreachable code after return statement
JavaScript warning: http://localhost/4webchess/javascript/chessutils.js, line 159: unreachable code after return statement
JavaScript warning: http://localhost/4webchess/javascript/chessutils.js, line 159: unreachable code after return statement
JavaScript warning: http://localhost/4webchess/javascript/chessutils.js, line 159: unreachable code after return statement
JavaScript warning: http://localhost/4webchess/javascript/chessutils.js, line 159: unreachable code after return statement
JavaScript warning: http://localhost/4webchess/javascript/chessutils.js, line 159: unreachable code after return statement
JavaScript warning: http://localhost/4webchess/javascript/chessutils.js, line 159: unreachable code after return statement
JavaScript warning: http://localhost/4webchess/javascript/chessutils.js, line 159: unreachable code after return statement
JavaScript warning: http://localhost/4webchess/javascript/chessutils.js, line 159: unreachable code after return statement
JavaScript warning: http://localhost/4webchess/javascript/chessutils.js, line 159: unreachable code after return statement
JavaScript warning: http://localhost/4webchess/javascript/chessutils.js, line 159: unreachable code after return statement
JavaScript warning: http://localhost/4webchess/javascript/chessutils.js, line 159: unreachable code after return statement
JavaScript warning: http://localhost/4webchess/javascript/chessutils.js, line 159: unreachable code after return statement
JavaScript warning: http://localhost/4webchess/javascript/chessutils.js, line 159: unreachable code after return statement
JavaScript warning: http://localhost/4webchess/javascript/chessutils.js, line 159: unreachable code after return statement
console.error: BroadcastService: 
  receivedBroadcastMessage: handler for
  remote-settings/monitor_changes
  threw error:
  Message: Error: Polling for changes failed: NetworkError when attempting to fetch resource..
  Stack:
    remoteSettingsFunction/remoteSettings.pollChanges@resource://services-settings/remote-settings.js:190:13

JavaScript warning: http://localhost/4webchess/javascript/chessutils.js, line 159: unreachable code after return statement
JavaScript warning: http://localhost/4webchess/javascript/chessutils.js, line 159: unreachable code after return statement
JavaScript warning: http://localhost/4webchess/javascript/chessutils.js, line 159: unreachable code after return statement
JavaScript warning: http://localhost/4webchess/javascript/chessutils.js, line 159: unreachable code after return statement
JavaScript warning: http://localhost/4webchess/javascript/chessutils.js, line 159: unreachable code after return statement
JavaScript warning: http://localhost/4webchess/javascript/chessutils.js, line 159: unreachable code after return statement
JavaScript warning: http://localhost/4webchess/javascript/chessutils.js, line 159: unreachable code after return statement
JavaScript warning: http://localhost/4webchess/javascript/chessutils.js, line 159: unreachable code after return statement
JavaScript warning: http://localhost/4webchess/javascript/chessutils.js, line 159: unreachable code after return statement
JavaScript warning: http://localhost/4webchess/javascript/chessutils.js, line 159: unreachable code after return statement
JavaScript warning: http://localhost/4webchess/javascript/chessutils.js, line 159: unreachable code after return statement
JavaScript warning: http://localhost/4webchess/javascript/chessutils.js, line 159: unreachable code after return statement
JavaScript warning: http://localhost/4webchess/javascript/chessutils.js, line 159: unreachable code after return statement
JavaScript warning: http://localhost/4webchess/javascript/chessutils.js, line 159: unreachable code after return statement
JavaScript warning: http://localhost/4webchess/javascript/chessutils.js, line 159: unreachable code after return statement
JavaScript warning: http://localhost/4webchess/javascript/chessutils.js, line 159: unreachable code after return statement
JavaScript warning: http://localhost/4webchess/javascript/chessutils.js, line 159: unreachable code after return statement
JavaScript warning: http://localhost/4webchess/javascript/chessutils.js, line 159: unreachable code after return statement
JavaScript warning: http://localhost/4webchess/javascript/chessutils.js, line 159: unreachable code after return statement
JavaScript warning: http://localhost/4webchess/javascript/chessutils.js, line 159: unreachable code after return statement
JavaScript warning: http://localhost/4webchess/javascript/chessutils.js, line 159: unreachable code after return statement
JavaScript warning: http://localhost/4webchess/javascript/chessutils.js, line 159: unreachable code after return statement
JavaScript warning: http://localhost/4webchess/javascript/chessutils.js, line 159: unreachable code after return statement
JavaScript warning: http://localhost/4webchess/javascript/chessutils.js, line 159: unreachable code after return statement
IPDL protocol error: Handler returned error code!

###!!! [Parent][DispatchAsyncMessage] Error: PLayerTransaction::Msg_ReleaseLayer Processing error: message was deserialized, but the handler returned false (indicating failure)

IPDL protocol error: Handler returned error code!

###!!! [Parent][DispatchAsyncMessage] Error: PLayerTransaction::Msg_ReleaseLayer Processing error: message was deserialized, but the handler returned false (indicating failure)

IPDL protocol error: Handler returned error code!

###!!! [Parent][DispatchAsyncMessage] Error: PLayerTransaction::Msg_ReleaseLayer Processing error: message was deserialized, but the handler returned false (indicating failure)

IPDL protocol error: Handler returned error code!

###!!! [Parent][DispatchAsyncMessage] Error: PLayerTransaction::Msg_ReleaseLayer Processing error: message was deserialized, but the handler returned false (indicating failure)

IPDL protocol error: Handler returned error code!

###!!! [Parent][DispatchAsyncMessage] Error: PLayerTransaction::Msg_ReleaseLayer Processing error: message was deserialized, but the handler returned false (indicating failure)

[Parent 52248, Gecko_IOThread] WARNING: pipe error: 109: file z:/build/build/src/ipc/chromium/src/chrome/common/ipc_channel_win.cc, line 332
[Parent 52248, Gecko_IOThread] WARNING: pipe error: 109: file z:/build/build/src/ipc/chromium/src/chrome/common/ipc_channel_win.cc, line 332
[Child 53624, Chrome_ChildThread] WARNING: pipe error: 109: file z:/build/build/src/ipc/chromium/src/chrome/common/ipc_channel_win.cc, line 332
[Child 53624, Chrome_ChildThread] WARNING: pipe error: 109: file z:/build/build/src/ipc/[Parent 52248, Gecko_IOThread] WARNING: pipe error: 109: file z:/build/build/src/ipc/chromium/src/chrome/common/ipc_channel_win.cc, line 332
[Child 50324, Chrome_ChildThread] WARNING: pipe error: 109: file z:/build/build/src/ipc/chromium/src/chrome/common/ipc_channel_win.cc, line 332
[Child 50324, Chrome_ChildThread] WARNING: pipe error: 109: file z:/build/1555832624714	Marionette	INFO	Stopped listening on port 15882

###!!! [Child][RunMessage] Error: Channel closing: too late to send/recv, messages will be lost


###!!! [Child][MessageChannel::SendAndWait] Error: Channel error: cannot send/recv

